<?xml version="1.0" encoding="UTF-8"?>
<!-- Generated by org.testng.reporters.JUnitReportReporter -->
<testsuite hostname="DESKTOP-O9CBC5K" failures="0" tests="1" name="Page_object_test.Login_page_test" time="6.903" errors="0" timestamp="2024-05-24T09:46:45 IST" skipped="0">
  <testcase classname="Page_object_test.Login_page_test" name="TC001_Ligon_with_Valid_Credentials" time="6.903"/>
  <system-out/>
</testsuite> <!-- Page_object_test.Login_page_test -->
