<?xml version="1.0" encoding="UTF-8"?>
<!-- Generated by org.testng.reporters.JUnitReportReporter -->
<testsuite hostname="DESKTOP-O9CBC5K" failures="0" tests="1" name="API_test.Verify_status_code_test" time="4.255" errors="0" timestamp="2024-05-24T09:46:45 IST" skipped="0">
  <testcase classname="API_test.Verify_status_code_test" name="TC003_Verify_status_code_and_title" time="4.255"/>
  <system-out/>
</testsuite> <!-- API_test.Verify_status_code_test -->
