<?xml version="1.0" encoding="UTF-8"?>
<!-- Generated by org.testng.reporters.JUnitReportReporter -->
<testsuite hostname="DESKTOP-O9CBC5K" failures="0" tests="1" name="Page_object_test.Issues_info_test" time="22.973" errors="0" timestamp="2024-05-24T09:46:45 IST" skipped="0">
  <testcase classname="Page_object_test.Issues_info_test" name="TC002_navigate_to_issue_info" time="22.973"/>
  <system-out/>
</testsuite> <!-- Page_object_test.Issues_info_test -->
